<?xml version="1.0" ?>
<testsuites failures="0" name="TestXML" tests="2" time="1.131">
<testsuite failures="0" name="ActionTest" tests="4" time="0.013">
<testcase name="OnUnitOnFieldDoubleClicked" time="6.448">
</testcase>
<testcase name="OnEndTurn" time="3.58">
</testcase>
<testcase name="OnSupportInHandDoubleClicked" time="3.544">
</testcase>
<testcase name="OnUnitInHandDoubleClicked" time="3.569">
</testcase>
</testsuite>
<testsuite failures="0" name="Given A Server and Two Clients" tests="3" time="0.002">
<testcase name="RoomSharesNameAcrossNetwork" time="3.487">
</testcase>
<testcase name="GameRoomIsSetup" time="3.179">
</testcase>
<testcase name="AllAreConnected" time="2.994">
</testcase>
</testsuite>
</testsuites>